2018-09-13T12:22:28.404Z - normal: Load ~/.CocosCreator/settings.json
2018-09-13T12:22:28.408Z - normal: checking language setting...
2018-09-13T12:22:28.408Z - normal: Language: zh
2018-09-13T12:22:29.186Z - success: protocol editor-framework registered
2018-09-13T12:22:29.186Z - success: protocol app registered
2018-09-13T12:22:29.186Z - success: protocol theme registered
2018-09-13T12:22:29.187Z - success: protocol packages registered
2018-09-13T12:22:29.187Z - success: protocol unpack registerred
2018-09-13T12:22:29.187Z - success: protocol disable-commonjs registerred
2018-09-13T12:22:30.468Z - normal: connected!
2018-09-13T12:22:30.470Z - normal: Check project /Users/zwf/Documents/my_space/my-base-componet
2018-09-13T12:22:30.472Z - normal: Initializing Cocos2d
2018-09-13T12:22:30.632Z - normal: Initializing Asset Database
2018-09-13T12:22:30.658Z - success: protocol uuid registerred
2018-09-13T12:22:30.658Z - success: protocol db registerred
2018-09-13T12:22:30.658Z - success: protocol thumbnail registerred
2018-09-13T12:22:30.658Z - normal: Loading editor/builtin packages
2018-09-13T12:22:30.674Z - success: anysdk loaded
2018-09-13T12:22:30.777Z - success: assets loaded
2018-09-13T12:22:30.780Z - success: builder loaded
2018-09-13T12:22:30.782Z - success: cocos-analytics loaded
2018-09-13T12:22:30.786Z - success: console loaded
2018-09-13T12:22:30.789Z - success: hierarchy loaded
2018-09-13T12:22:30.793Z - success: inspector loaded
2018-09-13T12:22:30.795Z - success: keystore loaded
2018-09-13T12:22:30.800Z - success: node-library loaded
2018-09-13T12:22:30.802Z - success: package-asset loaded
2018-09-13T12:22:30.804Z - success: preferences loaded
2018-09-13T12:22:30.807Z - success: project-exporter loaded
2018-09-13T12:22:30.827Z - success: project-importer loaded
2018-09-13T12:22:30.830Z - success: project-settings loaded
2018-09-13T12:22:30.833Z - success: ui-kit loaded
2018-09-13T12:22:30.838Z - success: ui-grid loaded
2018-09-13T12:22:30.841Z - success: scene loaded
2018-09-13T12:22:30.842Z - success: sprite-editor loaded
2018-09-13T12:22:30.849Z - success: store loaded
2018-09-13T12:22:30.853Z - success: timeline loaded
2018-09-13T12:22:30.854Z - normal: Loading builtin packages
2018-09-13T12:22:30.857Z - success: asset-db-debugger loaded
2018-09-13T12:22:30.858Z - success: color-picker loaded
2018-09-13T12:22:30.861Z - success: package-manager loaded
2018-09-13T12:22:30.917Z - success: sdkbox loaded
2018-09-13T12:22:30.921Z - normal: last time update is in one day
2018-09-13T12:22:30.921Z - success: tester loaded
2018-09-13T12:22:30.925Z - success: ui-kit-preview-extra loaded
2018-09-13T12:22:30.928Z - success: ui-kit-preview loaded
2018-09-13T12:22:30.931Z - success: ui-tree loaded
2018-09-13T12:22:31.833Z - normal: Initializing project /Users/zwf/Documents/my_space/my-base-componet
2018-09-13T12:22:31.835Z - normal: Loading packages
2018-09-13T12:22:31.841Z - success: simple-package loaded
2018-09-13T12:22:31.841Z - normal: Watching packages
2018-09-13T12:22:31.856Z - normal: Run Application
2018-09-13T12:22:32.302Z - success: preview server running at http://localhost:7457
2018-09-13T12:22:37.527Z - normal: 1.8.2
2018-09-13T12:22:37.899Z - warn: Please specifiy a default value for "scrollview" property at its declaration: 😂
    // Before:
    @property(...)
    value;

    // After:
    @property(...)
    value = 0;
2018-09-13T12:22:37.900Z - warn: Please specifiy a default value for "mask" property at its declaration: 😂
    // Before:
    @property(...)
    value;

    // After:
    @property(...)
    value = 0;
2018-09-13T12:22:37.900Z - warn: Please specifiy a default value for "content" property at its declaration: 😂
    // Before:
    @property(...)
    value;

    // After:
    @property(...)
    value = 0;
2018-09-13T12:22:37.900Z - warn: Please specifiy a default value for "item_tpl" property at its declaration: 😂
    // Before:
    @property(...)
    value;

    // After:
    @property(...)
    value = 0;
2018-09-13T12:22:37.905Z - failed: load script [../../appdata] failed : Error: Cannot find module '../../appdata'
    at Module._resolveFilename (module.js:470:15)
    at Function.Module._resolveFilename [as _resolveFilenameVendor] (/Applications/CocosCreator1.8.2.app/Contents/Resources/electron.asar/common/reset-search-paths.js:35:12)
    at Function.Module._resolveFilename (/Applications/CocosCreator1.8.2.app/Contents/Resources/app.asar/editor/page/project-scripts.js:1:1361)
    at Function.Module._load (module.js:418:25)
    at Module.require (module.js:498:17)
    at require (internal/module.js:20:19)
    at Object.cc.require (/Applications/CocosCreator1.8.2.app/Contents/Resources/app.asar/editor/page/project-scripts.js:1:967)
    at /Users/zwf/Documents/my_space/my-base-componet/temp/quick-scripts/assets/script/components/toast.js:1:358
    at __define (/Users/zwf/Documents/my_space/my-base-componet/temp/quick-scripts/assets/script/components/toast.js:6:17)
    at /Users/zwf/Documents/my_space/my-base-componet/temp/quick-scripts/assets/script/components/toast.js:96:13
2018-09-13T12:22:37.905Z - warn: Please specifiy a default value for "rsultLabel" property at its declaration: 😂
    // Before:
    @property(...)
    value;

    // After:
    @property(...)
    value = 0;
2018-09-13T12:22:37.906Z - warn: Please specifiy a default value for "mask" property at its declaration: 😂
    // Before:
    @property(...)
    value;

    // After:
    @property(...)
    value = 0;
2018-09-13T12:22:37.906Z - warn: Please specifiy a default value for "promptLabel" property at its declaration: 😂
    // Before:
    @property(...)
    value;

    // After:
    @property(...)
    value = 0;
2018-09-13T12:22:37.908Z - failed: load script [./../../../../../work/nurture/nurture/assets/script/BlotDataManager] failed : Error: Cannot find module './../../../../../work/nurture/nurture/assets/script/BlotDataManager'
    at Module._resolveFilename (module.js:470:15)
    at Function.Module._resolveFilename [as _resolveFilenameVendor] (/Applications/CocosCreator1.8.2.app/Contents/Resources/electron.asar/common/reset-search-paths.js:35:12)
    at Function.Module._resolveFilename (/Applications/CocosCreator1.8.2.app/Contents/Resources/app.asar/editor/page/project-scripts.js:1:1361)
    at Function.Module._load (module.js:418:25)
    at Module.require (module.js:498:17)
    at require (internal/module.js:20:19)
    at Object.cc.require (/Applications/CocosCreator1.8.2.app/Contents/Resources/app.asar/editor/page/project-scripts.js:1:967)
    at /Users/zwf/Documents/my_space/my-base-componet/temp/quick-scripts/assets/script/effct/InteractBlotItem.js:1:364
    at __define (/Users/zwf/Documents/my_space/my-base-componet/temp/quick-scripts/assets/script/effct/InteractBlotItem.js:6:25)
    at /Users/zwf/Documents/my_space/my-base-componet/temp/quick-scripts/assets/script/effct/InteractBlotItem.js:166:13
2018-09-13T12:22:37.909Z - failed: load script [./../../../../../work/nurture/nurture/assets/script/CommonDef] failed : Error: Cannot find module './../../../../../work/nurture/nurture/assets/script/CommonDef'
    at Module._resolveFilename (module.js:470:15)
    at Function.Module._resolveFilename [as _resolveFilenameVendor] (/Applications/CocosCreator1.8.2.app/Contents/Resources/electron.asar/common/reset-search-paths.js:35:12)
    at Function.Module._resolveFilename (/Applications/CocosCreator1.8.2.app/Contents/Resources/app.asar/editor/page/project-scripts.js:1:1361)
    at Function.Module._load (module.js:418:25)
    at Module.require (module.js:498:17)
    at require (internal/module.js:20:19)
    at Object.cc.require (/Applications/CocosCreator1.8.2.app/Contents/Resources/app.asar/editor/page/project-scripts.js:1:967)
    at /Users/zwf/Documents/my_space/my-base-componet/temp/quick-scripts/assets/script/effct/InteractBlotItem.js:1:364
    at __define (/Users/zwf/Documents/my_space/my-base-componet/temp/quick-scripts/assets/script/effct/InteractBlotItem.js:7:19)
    at /Users/zwf/Documents/my_space/my-base-componet/temp/quick-scripts/assets/script/effct/InteractBlotItem.js:166:13
2018-09-13T12:22:37.909Z - failed: load script [./../../../../../work/nurture/nurture/creator.d] failed : Error: Cannot find module './../../../../../work/nurture/nurture/creator.d'
    at Module._resolveFilename (module.js:470:15)
    at Function.Module._resolveFilename [as _resolveFilenameVendor] (/Applications/CocosCreator1.8.2.app/Contents/Resources/electron.asar/common/reset-search-paths.js:35:12)
    at Function.Module._resolveFilename (/Applications/CocosCreator1.8.2.app/Contents/Resources/app.asar/editor/page/project-scripts.js:1:1361)
    at Function.Module._load (module.js:418:25)
    at Module.require (module.js:498:17)
    at require (internal/module.js:20:19)
    at Object.cc.require (/Applications/CocosCreator1.8.2.app/Contents/Resources/app.asar/editor/page/project-scripts.js:1:967)
    at /Users/zwf/Documents/my_space/my-base-componet/temp/quick-scripts/assets/script/effct/InteractBlotItem.js:1:364
    at __define (/Users/zwf/Documents/my_space/my-base-componet/temp/quick-scripts/assets/script/effct/InteractBlotItem.js:8:19)
    at /Users/zwf/Documents/my_space/my-base-componet/temp/quick-scripts/assets/script/effct/InteractBlotItem.js:166:13
2018-09-13T12:22:37.911Z - failed: load script [./../../../../../work/nurture/nurture/assets/script/EventCenter] failed : Error: Cannot find module './../../../../../work/nurture/nurture/assets/script/EventCenter'
    at Module._resolveFilename (module.js:470:15)
    at Function.Module._resolveFilename [as _resolveFilenameVendor] (/Applications/CocosCreator1.8.2.app/Contents/Resources/electron.asar/common/reset-search-paths.js:35:12)
    at Function.Module._resolveFilename (/Applications/CocosCreator1.8.2.app/Contents/Resources/app.asar/editor/page/project-scripts.js:1:1361)
    at Function.Module._load (module.js:418:25)
    at Module.require (module.js:498:17)
    at require (internal/module.js:20:19)
    at Object.cc.require (/Applications/CocosCreator1.8.2.app/Contents/Resources/app.asar/editor/page/project-scripts.js:1:967)
    at /Users/zwf/Documents/my_space/my-base-componet/temp/quick-scripts/assets/script/effct/InteractBlotItem.js:1:364
    at __define (/Users/zwf/Documents/my_space/my-base-componet/temp/quick-scripts/assets/script/effct/InteractBlotItem.js:9:21)
    at /Users/zwf/Documents/my_space/my-base-componet/temp/quick-scripts/assets/script/effct/InteractBlotItem.js:166:13
2018-09-13T12:22:37.913Z - warn: Please specifiy a default value for "mask" property at its declaration: 😂
    // Before:
    @property(...)
    value;

    // After:
    @property(...)
    value = 0;
2018-09-13T12:22:42.853Z - normal: open panel!
2018-09-13T12:22:46.405Z - normal: compress_res!
2018-09-13T12:22:46.405Z - normal: /Users/zwf/Documents/my_space/my-base-componet
2018-09-13T12:22:46.406Z - normal: /Users/zwf/Documents/my_space/my-base-componet/assets/res
2018-09-13T12:22:46.407Z - normal: /Users/zwf/Documents/my_space/my-base-componet/assets/res/activity_bg.png
2018-09-13T12:22:46.407Z - normal: /Users/zwf/Documents/my_space/my-base-componet/assets/res/activity_bg.png.meta
2018-09-13T12:22:46.407Z - normal: /Users/zwf/Documents/my_space/my-base-componet/assets/res/activity_title_bg.png
2018-09-13T12:22:46.408Z - normal: /Users/zwf/Documents/my_space/my-base-componet/assets/res/activity_title_bg.png.meta
2018-09-13T12:22:46.408Z - normal: /Users/zwf/Documents/my_space/my-base-componet/assets/res/btn_get_reward.png
2018-09-13T12:22:46.408Z - normal: /Users/zwf/Documents/my_space/my-base-componet/assets/res/btn_get_reward.png.meta
2018-09-13T12:22:46.408Z - normal: /Users/zwf/Documents/my_space/my-base-componet/assets/res/btn_have_get.png
2018-09-13T12:22:46.408Z - normal: /Users/zwf/Documents/my_space/my-base-componet/assets/res/btn_have_get.png.meta
2018-09-13T12:22:46.408Z - normal: /Users/zwf/Documents/my_space/my-base-componet/assets/res/check_off.png
2018-09-13T12:22:46.408Z - normal: /Users/zwf/Documents/my_space/my-base-componet/assets/res/check_off.png.meta
2018-09-13T12:22:46.409Z - normal: /Users/zwf/Documents/my_space/my-base-componet/assets/res/check_on.png
2018-09-13T12:22:46.409Z - normal: /Users/zwf/Documents/my_space/my-base-componet/assets/res/check_on.png.meta
2018-09-13T12:22:46.409Z - normal: /Users/zwf/Documents/my_space/my-base-componet/assets/res/eraser.png
2018-09-13T12:22:46.409Z - normal: /Users/zwf/Documents/my_space/my-base-componet/assets/res/eraser.png.meta
2018-09-13T12:22:46.409Z - normal: /Users/zwf/Documents/my_space/my-base-componet/assets/res/get_reward_title.png
2018-09-13T12:22:46.409Z - normal: /Users/zwf/Documents/my_space/my-base-componet/assets/res/get_reward_title.png.meta
2018-09-13T12:22:46.410Z - normal: /Users/zwf/Documents/my_space/my-base-componet/assets/res/icon_have.png
2018-09-13T12:22:46.410Z - normal: /Users/zwf/Documents/my_space/my-base-componet/assets/res/icon_have.png.meta
2018-09-13T12:22:46.410Z - normal: /Users/zwf/Documents/my_space/my-base-componet/assets/res/item_bg_d.png
2018-09-13T12:22:46.410Z - normal: /Users/zwf/Documents/my_space/my-base-componet/assets/res/item_bg_d.png.meta
2018-09-13T12:22:46.410Z - normal: /Users/zwf/Documents/my_space/my-base-componet/assets/res/item_bg_d_frame.png
2018-09-13T12:22:46.410Z - normal: /Users/zwf/Documents/my_space/my-base-componet/assets/res/item_bg_d_frame.png.meta
2018-09-13T12:22:46.411Z - normal: /Users/zwf/Documents/my_space/my-base-componet/assets/res/item_bg_n.png
2018-09-13T12:22:46.411Z - normal: /Users/zwf/Documents/my_space/my-base-componet/assets/res/item_bg_n.png.meta
2018-09-13T12:22:46.685Z - normal: compress_res!
2018-09-13T12:22:46.685Z - normal: /Users/zwf/Documents/my_space/my-base-componet
2018-09-13T12:22:46.685Z - normal: /Users/zwf/Documents/my_space/my-base-componet/assets/res
2018-09-13T12:22:46.685Z - normal: compress_res!
2018-09-13T12:22:46.685Z - normal: /Users/zwf/Documents/my_space/my-base-componet
2018-09-13T12:22:46.686Z - normal: /Users/zwf/Documents/my_space/my-base-componet/assets/res
2018-09-13T12:22:46.687Z - normal: /Users/zwf/Documents/my_space/my-base-componet/assets/res/activity_bg.png
2018-09-13T12:22:46.687Z - normal: /Users/zwf/Documents/my_space/my-base-componet/assets/res/activity_bg.png.meta
2018-09-13T12:22:46.687Z - normal: /Users/zwf/Documents/my_space/my-base-componet/assets/res/activity_title_bg.png
2018-09-13T12:22:46.687Z - normal: /Users/zwf/Documents/my_space/my-base-componet/assets/res/activity_title_bg.png.meta
2018-09-13T12:22:46.688Z - normal: /Users/zwf/Documents/my_space/my-base-componet/assets/res/btn_get_reward.png
2018-09-13T12:22:46.688Z - normal: /Users/zwf/Documents/my_space/my-base-componet/assets/res/btn_get_reward.png.meta
2018-09-13T12:22:46.688Z - normal: /Users/zwf/Documents/my_space/my-base-componet/assets/res/btn_have_get.png
2018-09-13T12:22:46.688Z - normal: /Users/zwf/Documents/my_space/my-base-componet/assets/res/btn_have_get.png.meta
2018-09-13T12:22:46.688Z - normal: /Users/zwf/Documents/my_space/my-base-componet/assets/res/check_off.png
2018-09-13T12:22:46.688Z - normal: /Users/zwf/Documents/my_space/my-base-componet/assets/res/check_off.png.meta
2018-09-13T12:22:46.688Z - normal: /Users/zwf/Documents/my_space/my-base-componet/assets/res/check_on.png
2018-09-13T12:22:46.689Z - normal: /Users/zwf/Documents/my_space/my-base-componet/assets/res/check_on.png.meta
2018-09-13T12:22:46.689Z - normal: /Users/zwf/Documents/my_space/my-base-componet/assets/res/eraser.png
2018-09-13T12:22:46.689Z - normal: /Users/zwf/Documents/my_space/my-base-componet/assets/res/eraser.png.meta
2018-09-13T12:22:46.689Z - normal: /Users/zwf/Documents/my_space/my-base-componet/assets/res/get_reward_title.png
2018-09-13T12:22:46.689Z - normal: /Users/zwf/Documents/my_space/my-base-componet/assets/res/get_reward_title.png.meta
2018-09-13T12:22:46.689Z - normal: /Users/zwf/Documents/my_space/my-base-componet/assets/res/icon_have.png
2018-09-13T12:22:46.690Z - normal: /Users/zwf/Documents/my_space/my-base-componet/assets/res/icon_have.png.meta
2018-09-13T12:22:46.690Z - normal: /Users/zwf/Documents/my_space/my-base-componet/assets/res/item_bg_d.png
2018-09-13T12:22:46.690Z - normal: /Users/zwf/Documents/my_space/my-base-componet/assets/res/item_bg_d.png.meta
2018-09-13T12:22:46.690Z - normal: /Users/zwf/Documents/my_space/my-base-componet/assets/res/item_bg_d_frame.png
2018-09-13T12:22:46.690Z - normal: /Users/zwf/Documents/my_space/my-base-componet/assets/res/item_bg_d_frame.png.meta
2018-09-13T12:22:46.690Z - normal: /Users/zwf/Documents/my_space/my-base-componet/assets/res/item_bg_n.png
2018-09-13T12:22:46.690Z - normal: /Users/zwf/Documents/my_space/my-base-componet/assets/res/item_bg_n.png.meta
2018-09-13T12:22:46.691Z - normal: /Users/zwf/Documents/my_space/my-base-componet/assets/res/activity_bg.png
2018-09-13T12:22:46.691Z - normal: /Users/zwf/Documents/my_space/my-base-componet/assets/res/activity_bg.png.meta
2018-09-13T12:22:46.691Z - normal: /Users/zwf/Documents/my_space/my-base-componet/assets/res/activity_title_bg.png
2018-09-13T12:22:46.691Z - normal: /Users/zwf/Documents/my_space/my-base-componet/assets/res/activity_title_bg.png.meta
2018-09-13T12:22:46.691Z - normal: /Users/zwf/Documents/my_space/my-base-componet/assets/res/btn_get_reward.png
2018-09-13T12:22:46.691Z - normal: /Users/zwf/Documents/my_space/my-base-componet/assets/res/btn_get_reward.png.meta
2018-09-13T12:22:46.692Z - normal: /Users/zwf/Documents/my_space/my-base-componet/assets/res/btn_have_get.png
2018-09-13T12:22:46.693Z - normal: /Users/zwf/Documents/my_space/my-base-componet/assets/res/btn_have_get.png.meta
2018-09-13T12:22:46.693Z - normal: /Users/zwf/Documents/my_space/my-base-componet/assets/res/check_off.png
2018-09-13T12:22:46.694Z - normal: /Users/zwf/Documents/my_space/my-base-componet/assets/res/check_off.png.meta
2018-09-13T12:22:46.694Z - normal: /Users/zwf/Documents/my_space/my-base-componet/assets/res/check_on.png
2018-09-13T12:22:46.694Z - normal: /Users/zwf/Documents/my_space/my-base-componet/assets/res/check_on.png.meta
2018-09-13T12:22:46.694Z - normal: /Users/zwf/Documents/my_space/my-base-componet/assets/res/eraser.png
2018-09-13T12:22:46.694Z - normal: /Users/zwf/Documents/my_space/my-base-componet/assets/res/eraser.png.meta
2018-09-13T12:22:46.694Z - normal: /Users/zwf/Documents/my_space/my-base-componet/assets/res/get_reward_title.png
2018-09-13T12:22:46.695Z - normal: /Users/zwf/Documents/my_space/my-base-componet/assets/res/get_reward_title.png.meta
2018-09-13T12:22:46.695Z - normal: /Users/zwf/Documents/my_space/my-base-componet/assets/res/icon_have.png
2018-09-13T12:22:46.696Z - normal: /Users/zwf/Documents/my_space/my-base-componet/assets/res/icon_have.png.meta
2018-09-13T12:22:46.696Z - normal: /Users/zwf/Documents/my_space/my-base-componet/assets/res/item_bg_d.png
2018-09-13T12:22:46.696Z - normal: /Users/zwf/Documents/my_space/my-base-componet/assets/res/item_bg_d.png.meta
2018-09-13T12:22:46.696Z - normal: /Users/zwf/Documents/my_space/my-base-componet/assets/res/item_bg_d_frame.png
2018-09-13T12:22:46.697Z - normal: /Users/zwf/Documents/my_space/my-base-componet/assets/res/item_bg_d_frame.png.meta
2018-09-13T12:22:46.697Z - normal: /Users/zwf/Documents/my_space/my-base-componet/assets/res/item_bg_n.png
2018-09-13T12:22:46.697Z - normal: /Users/zwf/Documents/my_space/my-base-componet/assets/res/item_bg_n.png.meta
2018-09-13T12:24:05.883Z - success: simple-package unloaded
2018-09-13T12:24:05.927Z - success: simple-package loaded
2018-09-13T12:25:09.120Z - success: simple-package unloaded
2018-09-13T12:25:09.150Z - success: simple-package loaded
2018-09-13T12:25:17.165Z - success: simple-package unloaded
2018-09-13T12:25:17.198Z - success: simple-package loaded
2018-09-13T12:25:26.292Z - success: simple-package unloaded
2018-09-13T12:25:26.327Z - success: simple-package loaded
2018-09-13T12:29:15.605Z - success: simple-package unloaded
2018-09-13T12:29:15.641Z - success: simple-package loaded
2018-09-13T12:29:16.420Z - success: simple-package unloaded
2018-09-13T12:29:16.453Z - success: simple-package loaded
2018-09-13T12:30:09.975Z - success: simple-package unloaded
2018-09-13T12:30:10.025Z - success: simple-package loaded
2018-09-13T12:30:33.671Z - success: simple-package unloaded
2018-09-13T12:30:33.712Z - success: simple-package loaded
2018-09-13T12:30:44.542Z - success: simple-package unloaded
2018-09-13T12:30:44.572Z - success: simple-package loaded
2018-09-13T12:30:46.950Z - normal: compress_res!
2018-09-13T12:30:46.951Z - normal: /Users/zwf/Documents/my_space/my-base-componet
2018-09-13T12:30:46.951Z - normal: /Users/zwf/Documents/my_space/my-base-componet/assets/res/test
2018-09-13T12:30:46.952Z - normal: compress_res!
2018-09-13T12:30:46.952Z - normal: /Users/zwf/Documents/my_space/my-base-componet
2018-09-13T12:30:46.952Z - normal: /Users/zwf/Documents/my_space/my-base-componet/assets/res/test
2018-09-13T12:30:46.952Z - normal: compress_res!
2018-09-13T12:30:46.953Z - normal: /Users/zwf/Documents/my_space/my-base-componet
2018-09-13T12:30:46.953Z - normal: /Users/zwf/Documents/my_space/my-base-componet/assets/res/test
2018-09-13T12:30:46.975Z - normal: /Users/zwf/Documents/my_space/my-base-componet/assets/res/test/catIron.pngcompress success!
2018-09-13T12:30:46.976Z - normal: /Users/zwf/Documents/my_space/my-base-componet/assets/res/test/catIron.png.metacompress success!
2018-09-13T12:30:46.976Z - normal: /Users/zwf/Documents/my_space/my-base-componet/assets/res/test/catIron.pngcompress success!
2018-09-13T12:30:46.976Z - normal: /Users/zwf/Documents/my_space/my-base-componet/assets/res/test/catIron.png.metacompress success!
2018-09-13T12:30:46.978Z - normal: /Users/zwf/Documents/my_space/my-base-componet/assets/res/test/catIron.pngcompress success!
2018-09-13T12:30:46.979Z - normal: /Users/zwf/Documents/my_space/my-base-componet/assets/res/test/catIron.png.metacompress success!
2018-09-13T12:35:31.246Z - success: simple-package unloaded
2018-09-13T12:35:31.297Z - success: simple-package loaded
2018-09-13T12:35:35.358Z - success: simple-package unloaded
2018-09-13T12:35:35.397Z - success: simple-package loaded
2018-09-13T12:35:36.190Z - success: simple-package unloaded
2018-09-13T12:35:36.226Z - success: simple-package loaded
2018-09-13T12:35:50.449Z - normal: compress_res!
2018-09-13T12:35:50.449Z - normal: /Users/zwf/Documents/my_space/my-base-componet
2018-09-13T12:35:50.449Z - normal: /Users/zwf/Documents/my_space/my-base-componet/assets/res/test
2018-09-13T12:35:50.450Z - normal: compress_res!
2018-09-13T12:35:50.450Z - normal: /Users/zwf/Documents/my_space/my-base-componet
2018-09-13T12:35:50.450Z - normal: /Users/zwf/Documents/my_space/my-base-componet/assets/res/test
2018-09-13T12:35:50.450Z - normal: compress_res!
2018-09-13T12:35:50.450Z - normal: /Users/zwf/Documents/my_space/my-base-componet
2018-09-13T12:35:50.451Z - normal: /Users/zwf/Documents/my_space/my-base-componet/assets/res/test
2018-09-13T12:35:50.451Z - normal: compress_res!
2018-09-13T12:35:50.451Z - normal: /Users/zwf/Documents/my_space/my-base-componet
2018-09-13T12:35:50.451Z - normal: /Users/zwf/Documents/my_space/my-base-componet/assets/res/test
2018-09-13T12:35:50.460Z - normal: /Users/zwf/Documents/my_space/my-base-componet/assets/res/test/catIron.png compress success!
2018-09-13T12:35:50.461Z - normal: /Users/zwf/Documents/my_space/my-base-componet/assets/res/test/catIron.png compress success!
2018-09-13T12:35:50.461Z - normal: /Users/zwf/Documents/my_space/my-base-componet/assets/res/test/catIron.png compress success!
2018-09-13T12:35:50.462Z - normal: /Users/zwf/Documents/my_space/my-base-componet/assets/res/test/catIron.png compress success!
2018-09-13T12:36:25.845Z - success: simple-package unloaded
2018-09-13T12:36:25.902Z - success: simple-package loaded
2018-09-13T12:36:34.154Z - normal: /Users/zwf/Documents/my_space/my-base-componet/assets/res/test/catIron.png compress success!
2018-09-13T12:36:34.155Z - normal: /Users/zwf/Documents/my_space/my-base-componet/assets/res/test/catIron.png compress success!
2018-09-13T12:36:34.155Z - normal: /Users/zwf/Documents/my_space/my-base-componet/assets/res/test/catIron.png compress success!
2018-09-13T12:36:34.155Z - normal: /Users/zwf/Documents/my_space/my-base-componet/assets/res/test/catIron.png compress success!
2018-09-13T12:36:34.156Z - normal: /Users/zwf/Documents/my_space/my-base-componet/assets/res/test/catIron.png compress success!
2018-09-13T12:36:46.307Z - normal: /Users/zwf/Documents/my_space/my-base-componet/assets/res/test/catIron.png compress success!
2018-09-13T12:36:46.307Z - normal: /Users/zwf/Documents/my_space/my-base-componet/assets/res/test/catIron.png compress success!
2018-09-13T12:36:46.307Z - normal: /Users/zwf/Documents/my_space/my-base-componet/assets/res/test/catIron.png compress success!
2018-09-13T12:36:46.308Z - normal: /Users/zwf/Documents/my_space/my-base-componet/assets/res/test/catIron.png compress success!
2018-09-13T12:36:46.308Z - normal: /Users/zwf/Documents/my_space/my-base-componet/assets/res/test/catIron.png compress success!
2018-09-13T12:36:46.308Z - normal: /Users/zwf/Documents/my_space/my-base-componet/assets/res/test/catIron.png compress success!
2018-09-13T12:37:10.667Z - normal: open panel!
2018-09-13T12:37:20.713Z - normal: /Users/zwf/Documents/my_space/my-base-componet/assets/res/test/catIron.png compress success!
2018-09-13T12:37:27.221Z - normal: open panel!
2018-09-13T12:37:37.026Z - normal: /Users/zwf/Documents/my_space/my-base-componet/assets/res/test/catIron.png compress success!
2018-09-13T12:37:51.567Z - success: simple-package unloaded
2018-09-13T12:37:51.608Z - success: simple-package loaded
2018-09-13T12:37:59.309Z - success: simple-package unloaded
2018-09-13T12:37:59.348Z - success: simple-package loaded
2018-09-13T12:38:39.411Z - success: simple-package unloaded
2018-09-13T12:38:39.446Z - success: simple-package loaded
2018-09-13T12:38:48.403Z - success: simple-package unloaded
2018-09-13T12:38:48.435Z - success: simple-package loaded
2018-09-13T12:39:06.844Z - success: simple-package unloaded
2018-09-13T12:39:06.914Z - success: simple-package loaded
2018-09-13T12:39:41.894Z - success: simple-package unloaded
2018-09-13T12:39:41.925Z - success: simple-package loaded
2018-09-13T12:39:42.812Z - success: simple-package unloaded
2018-09-13T12:39:42.854Z - success: simple-package loaded
2018-09-13T12:39:50.002Z - success: simple-package unloaded
2018-09-13T12:39:50.035Z - success: simple-package loaded
2018-09-13T12:39:52.270Z - success: simple-package unloaded
2018-09-13T12:39:52.311Z - success: simple-package loaded
2018-09-13T12:39:54.319Z - warn: [db-task][sync-changes] Backup unused meta file: db://assets/res/test.meta
2018-09-13T12:40:03.084Z - normal: open panel!
2018-09-13T12:40:11.372Z - normal: ----------assets/res compress cpmplete!-----------
2018-09-13T12:40:11.372Z - normal: ----------assets/resources compress cpmplete!-----------
2018-09-13T12:40:11.383Z - normal: /Users/zwf/Documents/my_space/my-base-componet/assets/res/activity_bg.png compress success!
2018-09-13T12:40:11.384Z - normal: /Users/zwf/Documents/my_space/my-base-componet/assets/res/activity_title_bg.png compress success!
2018-09-13T12:40:11.384Z - normal: /Users/zwf/Documents/my_space/my-base-componet/assets/res/btn_get_reward.png compress success!
2018-09-13T12:40:11.384Z - normal: /Users/zwf/Documents/my_space/my-base-componet/assets/res/btn_have_get.png compress success!
2018-09-13T12:40:11.384Z - normal: /Users/zwf/Documents/my_space/my-base-componet/assets/res/check_off.png compress success!
2018-09-13T12:40:11.386Z - normal: /Users/zwf/Documents/my_space/my-base-componet/assets/res/check_on.png compress success!
2018-09-13T12:40:11.386Z - normal: /Users/zwf/Documents/my_space/my-base-componet/assets/res/eraser.png compress success!
2018-09-13T12:40:11.386Z - normal: /Users/zwf/Documents/my_space/my-base-componet/assets/res/get_reward_title.png compress success!
2018-09-13T12:40:11.386Z - normal: /Users/zwf/Documents/my_space/my-base-componet/assets/res/icon_have.png compress success!
2018-09-13T12:40:11.387Z - normal: /Users/zwf/Documents/my_space/my-base-componet/assets/res/item_bg_d.png compress success!
2018-09-13T12:40:11.388Z - normal: /Users/zwf/Documents/my_space/my-base-componet/assets/res/item_bg_d_frame.png compress success!
2018-09-13T12:40:11.388Z - normal: /Users/zwf/Documents/my_space/my-base-componet/assets/res/item_bg_n.png compress success!
2018-09-13T12:40:11.388Z - normal: /Users/zwf/Documents/my_space/my-base-componet/assets/res/activity_bg.png compress success!
2018-09-13T12:40:11.389Z - normal: /Users/zwf/Documents/my_space/my-base-componet/assets/res/activity_title_bg.png compress success!
2018-09-13T12:40:11.389Z - normal: /Users/zwf/Documents/my_space/my-base-componet/assets/res/btn_get_reward.png compress success!
2018-09-13T12:40:11.389Z - normal: /Users/zwf/Documents/my_space/my-base-componet/assets/res/btn_have_get.png compress success!
2018-09-13T12:40:11.389Z - normal: /Users/zwf/Documents/my_space/my-base-componet/assets/res/check_off.png compress success!
2018-09-13T12:40:11.389Z - normal: /Users/zwf/Documents/my_space/my-base-componet/assets/res/check_on.png compress success!
2018-09-13T12:40:11.390Z - normal: /Users/zwf/Documents/my_space/my-base-componet/assets/res/eraser.png compress success!
2018-09-13T12:40:11.390Z - normal: /Users/zwf/Documents/my_space/my-base-componet/assets/res/get_reward_title.png compress success!
2018-09-13T12:40:11.390Z - normal: /Users/zwf/Documents/my_space/my-base-componet/assets/res/icon_have.png compress success!
2018-09-13T12:40:11.391Z - normal: /Users/zwf/Documents/my_space/my-base-componet/assets/res/item_bg_d.png compress success!
2018-09-13T12:40:11.391Z - normal: /Users/zwf/Documents/my_space/my-base-componet/assets/res/item_bg_d_frame.png compress success!
2018-09-13T12:40:11.391Z - normal: /Users/zwf/Documents/my_space/my-base-componet/assets/res/item_bg_n.png compress success!
